C:\Program Files (x86)\MSBuild\Microsoft.Cpp\v4.0\V140\Microsoft.CppBuild.targets(392,5): warning MSB8028: The intermediate directory (x64\Release\) contains files shared from another project (GameOfLife.vcxproj).  This can lead to incorrect clean and rebuild behavior.
  Main.cpp
Main.cpp(47): warning C4244: 'argument': conversion from 'int' to 'float', possible loss of data
Main.cpp(48): warning C4244: 'argument': conversion from 'int' to 'float', possible loss of data
Main.cpp(49): warning C4244: 'argument': conversion from 'int' to 'float', possible loss of data
Main.cpp(50): warning C4244: 'argument': conversion from 'int' to 'float', possible loss of data
Main.cpp(51): warning C4244: 'argument': conversion from 'int' to 'float', possible loss of data
Main.cpp(305): warning C4244: 'argument': conversion from 'double' to 'float', possible loss of data
Main.cpp(310): warning C4244: 'argument': conversion from 'double' to 'float', possible loss of data
Main.cpp(325): warning C4018: '<': signed/unsigned mismatch
Main.cpp(333): warning C4018: '<': signed/unsigned mismatch
Main.cpp(341): warning C4018: '<': signed/unsigned mismatch
Main.cpp(349): warning C4018: '<': signed/unsigned mismatch
Main.cpp(357): warning C4018: '<': signed/unsigned mismatch
  Generating code
  2 of 945 functions ( 0.2%) were compiled, the rest were copied from previous compilation.
    0 functions were new in current compilation
    0 functions had inline decision re-evaluated but remain unchanged
  Finished generating code
  GameOfLife.vcxproj -> C:\Users\Wojteg\Desktop\6_semestr\Modelowanie Wieloskalowe\Automatykomorkowe\x64\Release\AutomatyKomorkowe.exe
  GameOfLife.vcxproj -> C:\Users\Wojteg\Desktop\6_semestr\Modelowanie Wieloskalowe\Automatykomorkowe\x64\Release\AutomatyKomorkowe.pdb (Full PDB)
