  Main.cpp
c:\users\wojteg\desktop\6_semestr\modelowanie wieloskalowe\roznesasiedztwapart2\gameoflife\TextField.h(14): warning C4244: 'argument': conversion from 'unsigned int' to 'float', possible loss of data
Main.cpp(88): warning C4244: 'argument': conversion from 'time_t' to 'unsigned int', possible loss of data
Main.cpp(107): warning C4244: 'argument': conversion from 'int' to 'float', possible loss of data
Main.cpp(108): warning C4244: 'argument': conversion from 'int' to 'float', possible loss of data
Main.cpp(109): warning C4244: 'argument': conversion from 'int' to 'float', possible loss of data
Main.cpp(110): warning C4244: 'argument': conversion from 'int' to 'float', possible loss of data
Main.cpp(111): warning C4244: 'argument': conversion from 'int' to 'float', possible loss of data
Main.cpp(112): warning C4244: 'argument': conversion from 'int' to 'float', possible loss of data
Main.cpp(113): warning C4244: 'argument': conversion from 'int' to 'float', possible loss of data
Main.cpp(114): warning C4244: 'argument': conversion from 'int' to 'float', possible loss of data
Main.cpp(115): warning C4244: 'argument': conversion from 'int' to 'float', possible loss of data
Main.cpp(116): warning C4244: 'argument': conversion from 'int' to 'float', possible loss of data
Main.cpp(117): warning C4244: 'argument': conversion from 'int' to 'float', possible loss of data
Main.cpp(118): warning C4244: 'argument': conversion from 'int' to 'float', possible loss of data
Main.cpp(119): warning C4244: 'argument': conversion from 'int' to 'float', possible loss of data
Main.cpp(120): warning C4244: 'argument': conversion from 'int' to 'float', possible loss of data
Main.cpp(121): warning C4244: 'argument': conversion from 'int' to 'float', possible loss of data
Main.cpp(122): warning C4244: 'argument': conversion from 'int' to 'float', possible loss of data
Main.cpp(123): warning C4244: 'argument': conversion from 'int' to 'float', possible loss of data
Main.cpp(214): warning C4244: 'argument': conversion from 'unsigned int' to 'float', possible loss of data
Main.cpp(219): warning C4244: 'argument': conversion from 'unsigned int' to 'float', possible loss of data
Main.cpp(224): warning C4244: 'argument': conversion from 'unsigned int' to 'float', possible loss of data
Main.cpp(229): warning C4244: 'argument': conversion from 'unsigned int' to 'float', possible loss of data
Main.cpp(250): warning C4244: 'argument': conversion from 'unsigned int' to 'float', possible loss of data
Main.cpp(252): warning C4244: 'argument': conversion from 'unsigned int' to 'float', possible loss of data
Main.cpp(254): warning C4244: 'argument': conversion from 'unsigned int' to 'float', possible loss of data
Main.cpp(256): warning C4244: 'argument': conversion from 'unsigned int' to 'float', possible loss of data
Main.cpp(269): warning C4244: 'argument': conversion from 'unsigned int' to 'float', possible loss of data
Main.cpp(273): warning C4244: 'argument': conversion from 'unsigned int' to 'float', possible loss of data
Main.cpp(277): warning C4244: 'argument': conversion from 'unsigned int' to 'float', possible loss of data
Main.cpp(281): warning C4244: 'argument': conversion from 'unsigned int' to 'float', possible loss of data
Main.cpp(2400): warning C4018: '<': signed/unsigned mismatch
Main.cpp(2447): warning C4018: '<': signed/unsigned mismatch
Main.cpp(2541): warning C4244: 'argument': conversion from 'double' to 'int', possible loss of data
Main.cpp(2580): warning C4244: '=': conversion from 'float' to 'int', possible loss of data
Main.cpp(2582): warning C4244: '=': conversion from 'float' to 'int', possible loss of data
Main.cpp(2587): warning C4244: '=': conversion from 'float' to 'int', possible loss of data
Main.cpp(2588): warning C4244: '=': conversion from 'float' to 'int', possible loss of data
Main.cpp(2598): warning C4018: '<': signed/unsigned mismatch
Main.cpp(2679): warning C4018: '<': signed/unsigned mismatch
Main.cpp(2684): warning C4018: '<': signed/unsigned mismatch
Main.cpp(2693): warning C4018: '<': signed/unsigned mismatch
Main.cpp(2698): warning C4018: '<': signed/unsigned mismatch
Main.cpp(2700): warning C4018: '<': signed/unsigned mismatch
Main.cpp(2702): warning C4018: '<': signed/unsigned mismatch
Main.cpp(2704): warning C4018: '<': signed/unsigned mismatch
Main.cpp(2706): warning C4018: '<': signed/unsigned mismatch
Main.cpp(2742): warning C4018: '<': signed/unsigned mismatch
Main.cpp(2747): warning C4018: '<': signed/unsigned mismatch
Main.cpp(285): warning C4101: 'maxR': unreferenced local variable
Main.cpp(135): warning C4101: 'cordY': unreferenced local variable
Main.cpp(135): warning C4101: 'cordX': unreferenced local variable
Main.cpp(135): warning C4101: 'cordX1': unreferenced local variable
Main.cpp(135): warning C4101: 'cordY1': unreferenced local variable
Main.cpp(2471): warning C4101: 'maxCells': unreferenced local variable
  Generating code
  3 of 1212 functions ( 0.2%) were compiled, the rest were copied from previous compilation.
    0 functions were new in current compilation
    1 functions had inline decision re-evaluated but remain unchanged
  Finished generating code
  GameOfLife.vcxproj -> C:\Users\Wojteg\Desktop\6_semestr\Modelowanie Wieloskalowe\RozneSasiedztwaPart2\x64\Release\GameOfLife.exe
  GameOfLife.vcxproj -> C:\Users\Wojteg\Desktop\6_semestr\Modelowanie Wieloskalowe\RozneSasiedztwaPart2\x64\Release\GameOfLife.pdb (Full PDB)
